<?xml version="1.0" encoding="UTF-8"?>
<!-- Generated by org.testng.reporters.JUnitReportReporter -->
<testsuite hostname="Dekis-MacBook-Air.local" failures="0" tests="1" name="util.BrowserFactor" time="4.214" errors="0" timestamp="2021-05-12T10:52:06 CDT" skipped="0">
  <testcase classname="util.BrowserFactor" name="init" time="4.214"/>
  <system-out/>
</testsuite> <!-- util.BrowserFactor -->
